<?xml version="1.0" encoding="UTF-8"?>
<!-- Generated by org.testng.reporters.JUnitReportReporter -->
<testsuite hostname="CSCO-W-PF2S42X9" failures="0" tests="1" name="RESTApiBDD.DeleteRequest" time="1.484" errors="0" timestamp="2021-12-03T09:42:48 IST" skipped="0">
  <testcase classname="RESTApiBDD.DeleteRequest" name="DeleteCall" time="1.484"/>
  <system-out/>
</testsuite> <!-- RESTApiBDD.DeleteRequest -->
