<?xml version="1.0" encoding="UTF-8"?>
<!-- Generated by org.testng.reporters.JUnitReportReporter -->
<testsuite hostname="CSCO-W-PF2S42X9" failures="0" tests="1" name="RestAPI.GetRequestWithParameters" time="1.974" errors="0" timestamp="2021-12-02T10:01:25 IST" skipped="0">
  <testcase classname="RestAPI.GetRequestWithParameters" name="GetCall" time="1.974"/>
  <system-out/>
</testsuite> <!-- RestAPI.GetRequestWithParameters -->
