<?xml version="1.0" encoding="UTF-8"?>
<!-- Generated by org.testng.reporters.JUnitReportReporter -->
<testsuite hostname="CSCO-W-PF2S42X9" failures="0" tests="1" name="RestAPI.DeleteRequest" time="1.326" errors="0" timestamp="2021-12-02T10:50:26 IST" skipped="0">
  <testcase classname="RestAPI.DeleteRequest" name="DeleteCall" time="1.326"/>
  <system-out/>
</testsuite> <!-- RestAPI.DeleteRequest -->
