<?xml version="1.0" encoding="UTF-8"?>
<!-- Generated by org.testng.reporters.JUnitReportReporter -->
<testsuite hostname="CSCO-W-PF2S42X9" failures="0" tests="1" name="RESTApiBDD.PostRequest" time="1.749" errors="0" timestamp="2021-12-03T09:26:00 IST" skipped="0">
  <testcase classname="RESTApiBDD.PostRequest" name="PostCall" time="1.749"/>
  <system-out/>
</testsuite> <!-- RESTApiBDD.PostRequest -->
