<?xml version="1.0" encoding="UTF-8"?>
<!-- Generated by org.testng.reporters.JUnitReportReporter -->
<testsuite hostname="CSCO-W-PF2S42X9" failures="0" tests="1" name="RestAPI.PutRequest" time="1.402" errors="0" timestamp="2021-12-02T10:43:08 IST" skipped="0">
  <testcase classname="RestAPI.PutRequest" name="PostCall" time="1.402"/>
  <system-out/>
</testsuite> <!-- RestAPI.PutRequest -->
