<?xml version="1.0" encoding="UTF-8"?>
<!-- Generated by org.testng.reporters.JUnitReportReporter -->
<testsuite hostname="CSCO-W-PF2S42X9" failures="0" tests="1" name="oAuth.oAuthRequest" time="3.332" errors="0" timestamp="2021-12-03T09:57:00 IST" skipped="0">
  <testcase classname="oAuth.oAuthRequest" name="PostCall" time="3.332"/>
  <system-out/>
</testsuite> <!-- oAuth.oAuthRequest -->
