<?xml version="1.0" encoding="UTF-8"?>
<!-- Generated by org.testng.reporters.JUnitReportReporter -->
<testsuite hostname="CSCO-W-PF2S42X9" failures="0" tests="1" name="RESTApiBDD.GetRequest" time="2.051" errors="0" timestamp="2021-12-03T09:38:59 IST" skipped="0">
  <testcase classname="RESTApiBDD.GetRequest" name="GetCall" time="2.051"/>
  <system-out/>
</testsuite> <!-- RESTApiBDD.GetRequest -->
