<?xml version="1.0" encoding="UTF-8"?>
<!-- Generated by org.testng.reporters.JUnitReportReporter -->
<testsuite hostname="CSCO-W-PF2S42X9" failures="0" tests="1" name="RestAPI.GetRequest" time="1.961" errors="0" timestamp="2021-12-02T10:42:30 IST" skipped="0">
  <testcase classname="RestAPI.GetRequest" name="GetCall" time="1.961"/>
  <system-out/>
</testsuite> <!-- RestAPI.GetRequest -->
