<?xml version="1.0" encoding="UTF-8"?>
<!-- Generated by org.testng.reporters.JUnitReportReporter -->
<testsuite hostname="CSCO-W-PF2S42X9" failures="0" tests="1" name="RestAPI.PostRequestWithMap" time="1.706" errors="0" timestamp="2021-12-02T09:47:15 IST" skipped="0">
  <testcase classname="RestAPI.PostRequestWithMap" name="PostCall" time="1.706"/>
  <system-out/>
</testsuite> <!-- RestAPI.PostRequestWithMap -->
