<?xml version="1.0" encoding="UTF-8"?>
<!-- Generated by org.testng.reporters.JUnitReportReporter -->
<testsuite hostname="CSCO-W-PF2S42X9" failures="0" tests="1" name="RestAPI.PostRequest" time="1.444" errors="0" timestamp="2021-12-02T09:30:18 IST" skipped="0">
  <testcase classname="RestAPI.PostRequest" name="PostCall" time="1.444"/>
  <system-out/>
</testsuite> <!-- RestAPI.PostRequest -->
