<?xml version="1.0" encoding="UTF-8"?>
<!-- Generated by org.testng.reporters.JUnitReportReporter -->
<testsuite hostname="CSCO-W-PF2S42X9" failures="0" tests="1" name="RESTAPIChaining.EndToEndTest" time="2.239" errors="0" timestamp="2021-12-02T22:52:36 IST" skipped="0">
  <testcase classname="RESTAPIChaining.EndToEndTest" name="test1" time="2.239"/>
  <system-out/>
</testsuite> <!-- RESTAPIChaining.EndToEndTest -->
