<?xml version="1.0" encoding="UTF-8"?>
<!-- Generated by org.testng.reporters.JUnitReportReporter -->
<testsuite hostname="CSCO-W-PF2S42X9" failures="0" tests="1" name="RESTApiBDD.PutRequest" time="1.681" errors="0" timestamp="2021-12-03T09:33:30 IST" skipped="0">
  <testcase classname="RESTApiBDD.PutRequest" name="PostCall" time="1.681"/>
  <system-out/>
</testsuite> <!-- RESTApiBDD.PutRequest -->
