<?xml version="1.0" encoding="UTF-8"?>
<!-- Generated by org.testng.reporters.JUnitReportReporter -->
<testsuite hostname="CSCO-W-PF2S42X9" failures="0" tests="1" name="RestAPI.PostRequestWithJsonObject" time="1.915" errors="0" timestamp="2021-12-02T10:10:55 IST" skipped="0">
  <testcase classname="RestAPI.PostRequestWithJsonObject" name="PostCall" time="1.915"/>
  <system-out/>
</testsuite> <!-- RestAPI.PostRequestWithJsonObject -->
