<?xml version="1.0" encoding="UTF-8"?>
<!-- Generated by org.testng.reporters.JUnitReportReporter -->
<testsuite hostname="CSCO-W-PF2S42X9" failures="0" tests="1" name="RESTAPIChaining.EndToEndTest" time="1.923" errors="0" timestamp="02 Dec 2021 17:27:55 GMT" skipped="0">
  <testcase classname="RESTAPIChaining.EndToEndTest" name="test1" time="1.923"/>
</testsuite> <!-- RESTAPIChaining.EndToEndTest -->
